2024-05-23 17:03:09 INFO  GameManagerImpl:60 - User registered
2024-05-23 17:03:20 INFO  GameManagerImpl:87 - Error
2024-05-23 17:03:20 WARN  GameManagerImpl:90 - Incorrect password
2024-05-23 19:19:26 INFO  GameManagerImpl:60 - User registered
2024-05-23 19:19:41 INFO  GameManagerImpl:87 - Error
2024-05-23 19:19:41 WARN  GameManagerImpl:90 - Incorrect password
2024-05-23 19:31:54 INFO  GameManagerImpl:73 - User registered
2024-05-23 19:39:30 INFO  GameManagerImpl:93 - login(edu.upc.dsa.models.Credenciales@3baefb75)
2024-05-23 19:39:30 WARN  GameManagerImpl:110 - User with email pere111@gmail.com not found
2024-05-23 19:41:20 INFO  GameManagerImpl:82 - User registered
2024-05-23 19:41:33 INFO  GameManagerImpl:93 - login(edu.upc.dsa.models.Credenciales@22dfb541)
2024-05-23 19:41:33 INFO  GameManagerImpl:104 - Login successful for user: peret1
2024-05-23 19:42:45 INFO  GameManagerImpl:93 - login(edu.upc.dsa.models.Credenciales@14e0ca29)
2024-05-23 19:42:45 INFO  GameManagerImpl:104 - Login successful for user: peret1
2024-05-23 19:57:03 INFO  GameManagerImpl:82 - User registered
2024-05-23 19:57:12 INFO  GameManagerImpl:93 - login(edu.upc.dsa.models.Credenciales@53edee29)
2024-05-23 19:57:12 INFO  GameManagerImpl:104 - Login successful for user: peret2
2024-05-24 18:08:45 INFO  GameManagerImpl:82 - User registered
2024-05-24 18:08:59 INFO  GameManagerImpl:93 - login(edu.upc.dsa.models.Credenciales@31c274ab)
2024-05-24 18:08:59 WARN  GameManagerImpl:107 - Incorrect password for user: peret1
2024-05-24 18:09:03 INFO  GameManagerImpl:93 - login(edu.upc.dsa.models.Credenciales@4e951b80)
2024-05-24 18:09:03 INFO  GameManagerImpl:104 - Login successful for user: peret1
2024-05-24 18:09:03 INFO  GameManagerImpl:93 - login(edu.upc.dsa.models.Credenciales@1ac64a6f)
2024-05-24 18:09:03 INFO  GameManagerImpl:104 - Login successful for user: peret1
2024-05-24 18:12:59 INFO  GameManagerImpl:93 - login(edu.upc.dsa.models.Credenciales@50510646)
2024-05-24 18:12:59 INFO  GameManagerImpl:104 - Login successful for user: peret1
2024-05-24 18:33:46 INFO  GameManagerImpl:82 - User registered
2024-05-24 18:34:22 INFO  GameManagerImpl:93 - login(edu.upc.dsa.models.Credenciales@1bcb98bc)
2024-05-24 18:34:22 INFO  GameManagerImpl:104 - Login successful for user: peret1
2024-05-31 16:54:12 INFO  GameManagerImpl:82 - User registered
2024-05-31 16:54:23 INFO  GameManagerImpl:93 - login(edu.upc.dsa.models.Credenciales@28316b2f)
2024-05-31 16:54:23 INFO  GameManagerImpl:104 - Login successful for user: peret
2024-05-31 16:58:32 INFO  GameManagerImpl:93 - login(edu.upc.dsa.models.Credenciales@2791206)
2024-05-31 16:58:32 WARN  GameManagerImpl:110 - User with email perejs17@gmail.com not found
2024-05-31 18:46:49 INFO  GameManagerImpl:83 - User registered
2024-05-31 18:47:05 INFO  GameManagerImpl:94 - login(edu.upc.dsa.models.Credenciales@1568a6f0)
2024-05-31 18:47:05 INFO  GameManagerImpl:105 - Login successful for user: peret
2024-05-31 18:51:42 INFO  GameManagerImpl:205 - Denuncia añadida
